<?xml version="1.0" encoding="UTF-8"?>
<testng-results skipped="0" failed="1" ignored="0" total="9" passed="8">
  <reporter-output>
  </reporter-output>
  <suite name="Facebook Application Test Suite" duration-ms="176479" started-at="2021-01-22T12:54:10 IST" finished-at="2021-01-22T12:57:07 IST">
    <groups>
    </groups>
    <test name="facebook App Test Cases" duration-ms="176479" started-at="2021-01-22T12:54:10 IST" finished-at="2021-01-22T12:57:07 IST">
      <class name="com.amazon.qa.testcases.FriendsPageTest">
        <test-method status="PASS" signature="setUp()[pri:0, instance:com.amazon.qa.testcases.FriendsPageTest@2833cc44]" name="setUp" is-config="true" duration-ms="9413" started-at="2021-01-22T12:56:24 IST" finished-at="2021-01-22T12:56:33 IST">
          <reporter-output>
          </reporter-output>
        </test-method> <!-- setUp -->
        <test-method status="PASS" signature="verifyFriendsPageLableTest()[pri:1, instance:com.amazon.qa.testcases.FriendsPageTest@2833cc44]" name="verifyFriendsPageLableTest" duration-ms="8748" started-at="2021-01-22T12:56:33 IST" finished-at="2021-01-22T12:56:42 IST">
          <reporter-output>
          </reporter-output>
        </test-method> <!-- verifyFriendsPageLableTest -->
        <test-method status="PASS" signature="tearDown()[pri:0, instance:com.amazon.qa.testcases.FriendsPageTest@2833cc44]" name="tearDown" is-config="true" duration-ms="964" started-at="2021-01-22T12:56:42 IST" finished-at="2021-01-22T12:56:43 IST">
          <reporter-output>
          </reporter-output>
        </test-method> <!-- tearDown -->
        <test-method status="PASS" signature="setUp()[pri:0, instance:com.amazon.qa.testcases.FriendsPageTest@2833cc44]" name="setUp" is-config="true" duration-ms="9898" started-at="2021-01-22T12:56:43 IST" finished-at="2021-01-22T12:56:53 IST">
          <reporter-output>
          </reporter-output>
        </test-method> <!-- setUp -->
        <test-method status="FAIL" signature="selectFriendTest()[pri:2, instance:com.amazon.qa.testcases.FriendsPageTest@2833cc44]" name="selectFriendTest" duration-ms="12334" started-at="2021-01-22T12:56:53 IST" finished-at="2021-01-22T12:57:05 IST">
          <exception class="org.openqa.selenium.NoSuchElementException">
            <message>
              <![CDATA[no such element: Unable to locate element: {"method":"xpath","selector":"//span[contains(text(),'Karan Chavan')]"}
  (Session info: chrome=87.0.4280.141)
For documentation on this error, please visit: https://www.seleniumhq.org/exceptions/no_such_element.html
Build info: version: '3.141.59', revision: 'e82be7d358', time: '2018-11-14T08:17:03'
System info: host: 'MAHESH-PC', ip: '192.168.43.54', os.name: 'Windows 10', os.arch: 'amd64', os.version: '10.0', java.version: '1.8.0_211'
Driver info: org.openqa.selenium.chrome.ChromeDriver
Capabilities {acceptInsecureCerts: false, browserName: chrome, browserVersion: 87.0.4280.141, chrome: {chromedriverVersion: 87.0.4280.88 (89e2380a3e36c..., userDataDir: C:\Users\Mahesh\AppData\Loc...}, goog:chromeOptions: {debuggerAddress: localhost:51671}, javascriptEnabled: true, networkConnectionEnabled: false, pageLoadStrategy: normal, platform: WINDOWS, platformName: WINDOWS, proxy: Proxy(), setWindowRect: true, strictFileInteractability: false, timeouts: {implicit: 0, pageLoad: 300000, script: 30000}, unhandledPromptBehavior: dismiss and notify, webauthn:virtualAuthenticators: true}
Session ID: b06c8e2c8878d0c38d790b1f412dcb27
*** Element info: {Using=xpath, value=//span[contains(text(),'Karan Chavan')]}]]>
            </message>
            <full-stacktrace>
              <![CDATA[org.openqa.selenium.NoSuchElementException: no such element: Unable to locate element: {"method":"xpath","selector":"//span[contains(text(),'Karan Chavan')]"}
  (Session info: chrome=87.0.4280.141)
For documentation on this error, please visit: https://www.seleniumhq.org/exceptions/no_such_element.html
Build info: version: '3.141.59', revision: 'e82be7d358', time: '2018-11-14T08:17:03'
System info: host: 'MAHESH-PC', ip: '192.168.43.54', os.name: 'Windows 10', os.arch: 'amd64', os.version: '10.0', java.version: '1.8.0_211'
Driver info: org.openqa.selenium.chrome.ChromeDriver
Capabilities {acceptInsecureCerts: false, browserName: chrome, browserVersion: 87.0.4280.141, chrome: {chromedriverVersion: 87.0.4280.88 (89e2380a3e36c..., userDataDir: C:\Users\Mahesh\AppData\Loc...}, goog:chromeOptions: {debuggerAddress: localhost:51671}, javascriptEnabled: true, networkConnectionEnabled: false, pageLoadStrategy: normal, platform: WINDOWS, platformName: WINDOWS, proxy: Proxy(), setWindowRect: true, strictFileInteractability: false, timeouts: {implicit: 0, pageLoad: 300000, script: 30000}, unhandledPromptBehavior: dismiss and notify, webauthn:virtualAuthenticators: true}
Session ID: b06c8e2c8878d0c38d790b1f412dcb27
*** Element info: {Using=xpath, value=//span[contains(text(),'Karan Chavan')]}
at sun.reflect.NativeConstructorAccessorImpl.newInstance0(Native Method)
at sun.reflect.NativeConstructorAccessorImpl.newInstance(Unknown Source)
at sun.reflect.DelegatingConstructorAccessorImpl.newInstance(Unknown Source)
at java.lang.reflect.Constructor.newInstance(Unknown Source)
at org.openqa.selenium.remote.http.W3CHttpResponseCodec.createException(W3CHttpResponseCodec.java:187)
at org.openqa.selenium.remote.http.W3CHttpResponseCodec.decode(W3CHttpResponseCodec.java:122)
at org.openqa.selenium.remote.http.W3CHttpResponseCodec.decode(W3CHttpResponseCodec.java:49)
at org.openqa.selenium.remote.HttpCommandExecutor.execute(HttpCommandExecutor.java:158)
at org.openqa.selenium.remote.service.DriverCommandExecutor.execute(DriverCommandExecutor.java:83)
at org.openqa.selenium.remote.RemoteWebDriver.execute(RemoteWebDriver.java:552)
at org.openqa.selenium.remote.RemoteWebDriver.findElement(RemoteWebDriver.java:323)
at org.openqa.selenium.remote.RemoteWebDriver.findElementByXPath(RemoteWebDriver.java:428)
at org.openqa.selenium.By$ByXPath.findElement(By.java:353)
at org.openqa.selenium.remote.RemoteWebDriver.findElement(RemoteWebDriver.java:315)
at sun.reflect.GeneratedMethodAccessor4.invoke(Unknown Source)
at sun.reflect.DelegatingMethodAccessorImpl.invoke(Unknown Source)
at java.lang.reflect.Method.invoke(Unknown Source)
at org.openqa.selenium.support.events.EventFiringWebDriver.lambda$new$1(EventFiringWebDriver.java:105)
at com.sun.proxy.$Proxy7.findElement(Unknown Source)
at org.openqa.selenium.support.events.EventFiringWebDriver.findElement(EventFiringWebDriver.java:194)
at org.openqa.selenium.support.pagefactory.DefaultElementLocator.findElement(DefaultElementLocator.java:69)
at org.openqa.selenium.support.pagefactory.internal.LocatingElementHandler.invoke(LocatingElementHandler.java:38)
at com.sun.proxy.$Proxy11.click(Unknown Source)
at com.amazon.qa.pages.FriendsPage.selectFriend(FriendsPage.java:33)
at com.amazon.qa.testcases.FriendsPageTest.selectFriendTest(FriendsPageTest.java:46)
at sun.reflect.NativeMethodAccessorImpl.invoke0(Native Method)
at sun.reflect.NativeMethodAccessorImpl.invoke(Unknown Source)
at sun.reflect.DelegatingMethodAccessorImpl.invoke(Unknown Source)
at java.lang.reflect.Method.invoke(Unknown Source)
at org.testng.internal.MethodInvocationHelper.invokeMethod(MethodInvocationHelper.java:132)
at org.testng.internal.TestInvoker.invokeMethod(TestInvoker.java:599)
at org.testng.internal.TestInvoker.invokeTestMethod(TestInvoker.java:174)
at org.testng.internal.MethodRunner.runInSequence(MethodRunner.java:46)
at org.testng.internal.TestInvoker$MethodInvocationAgent.invoke(TestInvoker.java:822)
at org.testng.internal.TestInvoker.invokeTestMethods(TestInvoker.java:147)
at org.testng.internal.TestMethodWorker.invokeTestMethods(TestMethodWorker.java:146)
at org.testng.internal.TestMethodWorker.run(TestMethodWorker.java:128)
at java.util.ArrayList.forEach(Unknown Source)
at org.testng.TestRunner.privateRun(TestRunner.java:764)
at org.testng.TestRunner.run(TestRunner.java:585)
at org.testng.SuiteRunner.runTest(SuiteRunner.java:384)
at org.testng.SuiteRunner.runSequentially(SuiteRunner.java:378)
at org.testng.SuiteRunner.privateRun(SuiteRunner.java:337)
at org.testng.SuiteRunner.run(SuiteRunner.java:286)
at org.testng.SuiteRunnerWorker.runSuite(SuiteRunnerWorker.java:53)
at org.testng.SuiteRunnerWorker.run(SuiteRunnerWorker.java:96)
at org.testng.TestNG.runSuitesSequentially(TestNG.java:1218)
at org.testng.TestNG.runSuitesLocally(TestNG.java:1140)
at org.testng.TestNG.runSuites(TestNG.java:1069)
at org.testng.TestNG.run(TestNG.java:1037)
at org.testng.remote.AbstractRemoteTestNG.run(AbstractRemoteTestNG.java:115)
at org.testng.remote.RemoteTestNG.initAndRun(RemoteTestNG.java:251)
at org.testng.remote.RemoteTestNG.main(RemoteTestNG.java:77)
]]>
            </full-stacktrace>
          </exception> <!-- org.openqa.selenium.NoSuchElementException -->
          <reporter-output>
          </reporter-output>
        </test-method> <!-- selectFriendTest -->
        <test-method status="PASS" signature="tearDown()[pri:0, instance:com.amazon.qa.testcases.FriendsPageTest@2833cc44]" name="tearDown" is-config="true" duration-ms="1755" started-at="2021-01-22T12:57:05 IST" finished-at="2021-01-22T12:57:07 IST">
          <reporter-output>
          </reporter-output>
        </test-method> <!-- tearDown -->
      </class> <!-- com.amazon.qa.testcases.FriendsPageTest -->
      <class name="com.amazon.qa.testcases.HomePageTest">
        <test-method status="PASS" signature="setUp()[pri:0, instance:com.amazon.qa.testcases.HomePageTest@3712b94]" name="setUp" is-config="true" duration-ms="10135" started-at="2021-01-22T12:55:02 IST" finished-at="2021-01-22T12:55:12 IST">
          <reporter-output>
          </reporter-output>
        </test-method> <!-- setUp -->
        <test-method status="PASS" signature="verifyHomePageTitleTest()[pri:1, instance:com.amazon.qa.testcases.HomePageTest@3712b94]" name="verifyHomePageTitleTest" duration-ms="11266" started-at="2021-01-22T12:55:12 IST" finished-at="2021-01-22T12:55:23 IST">
          <reporter-output>
          </reporter-output>
        </test-method> <!-- verifyHomePageTitleTest -->
        <test-method status="PASS" signature="tearDown()[pri:0, instance:com.amazon.qa.testcases.HomePageTest@3712b94]" name="tearDown" is-config="true" duration-ms="1090" started-at="2021-01-22T12:55:23 IST" finished-at="2021-01-22T12:55:24 IST">
          <reporter-output>
          </reporter-output>
        </test-method> <!-- tearDown -->
        <test-method status="PASS" signature="setUp()[pri:0, instance:com.amazon.qa.testcases.HomePageTest@3712b94]" name="setUp" is-config="true" duration-ms="10011" started-at="2021-01-22T12:55:24 IST" finished-at="2021-01-22T12:55:34 IST">
          <reporter-output>
          </reporter-output>
        </test-method> <!-- setUp -->
        <test-method status="PASS" signature="verifyUserNameTest()[pri:2, instance:com.amazon.qa.testcases.HomePageTest@3712b94]" name="verifyUserNameTest" duration-ms="7844" started-at="2021-01-22T12:55:34 IST" finished-at="2021-01-22T12:55:42 IST">
          <reporter-output>
          </reporter-output>
        </test-method> <!-- verifyUserNameTest -->
        <test-method status="PASS" signature="tearDown()[pri:0, instance:com.amazon.qa.testcases.HomePageTest@3712b94]" name="tearDown" is-config="true" duration-ms="1401" started-at="2021-01-22T12:55:42 IST" finished-at="2021-01-22T12:55:44 IST">
          <reporter-output>
          </reporter-output>
        </test-method> <!-- tearDown -->
        <test-method status="PASS" signature="setUp()[pri:0, instance:com.amazon.qa.testcases.HomePageTest@3712b94]" name="setUp" is-config="true" duration-ms="12619" started-at="2021-01-22T12:55:44 IST" finished-at="2021-01-22T12:55:56 IST">
          <reporter-output>
          </reporter-output>
        </test-method> <!-- setUp -->
        <test-method status="PASS" signature="verifyHomePageLogoTest()[pri:3, instance:com.amazon.qa.testcases.HomePageTest@3712b94]" name="verifyHomePageLogoTest" duration-ms="7302" started-at="2021-01-22T12:55:56 IST" finished-at="2021-01-22T12:56:03 IST">
          <reporter-output>
          </reporter-output>
        </test-method> <!-- verifyHomePageLogoTest -->
        <test-method status="PASS" signature="tearDown()[pri:0, instance:com.amazon.qa.testcases.HomePageTest@3712b94]" name="tearDown" is-config="true" duration-ms="1052" started-at="2021-01-22T12:56:03 IST" finished-at="2021-01-22T12:56:05 IST">
          <reporter-output>
          </reporter-output>
        </test-method> <!-- tearDown -->
        <test-method status="PASS" signature="setUp()[pri:0, instance:com.amazon.qa.testcases.HomePageTest@3712b94]" name="setUp" is-config="true" duration-ms="9709" started-at="2021-01-22T12:56:05 IST" finished-at="2021-01-22T12:56:14 IST">
          <reporter-output>
          </reporter-output>
        </test-method> <!-- setUp -->
        <test-method status="PASS" signature="clickfriendsPageLinkTest()[pri:4, instance:com.amazon.qa.testcases.HomePageTest@3712b94]" name="clickfriendsPageLinkTest" duration-ms="8507" started-at="2021-01-22T12:56:14 IST" finished-at="2021-01-22T12:56:23 IST">
          <reporter-output>
          </reporter-output>
        </test-method> <!-- clickfriendsPageLinkTest -->
        <test-method status="PASS" signature="tearDown()[pri:0, instance:com.amazon.qa.testcases.HomePageTest@3712b94]" name="tearDown" is-config="true" duration-ms="964" started-at="2021-01-22T12:56:23 IST" finished-at="2021-01-22T12:56:24 IST">
          <reporter-output>
          </reporter-output>
        </test-method> <!-- tearDown -->
      </class> <!-- com.amazon.qa.testcases.HomePageTest -->
      <class name="com.amazon.qa.testcases.LoginPageTest">
        <test-method status="PASS" signature="setUp()[pri:0, instance:com.amazon.qa.testcases.LoginPageTest@4d41cee]" name="setUp" is-config="true" duration-ms="28595" started-at="2021-01-22T12:54:11 IST" finished-at="2021-01-22T12:54:39 IST">
          <reporter-output>
          </reporter-output>
        </test-method> <!-- setUp -->
        <test-method status="PASS" signature="loginPageTitleTest()[pri:1, instance:com.amazon.qa.testcases.LoginPageTest@4d41cee]" name="loginPageTitleTest" duration-ms="75" started-at="2021-01-22T12:54:39 IST" finished-at="2021-01-22T12:54:39 IST">
          <reporter-output>
          </reporter-output>
        </test-method> <!-- loginPageTitleTest -->
        <test-method status="PASS" signature="tearDown()[pri:0, instance:com.amazon.qa.testcases.LoginPageTest@4d41cee]" name="tearDown" is-config="true" duration-ms="958" started-at="2021-01-22T12:54:39 IST" finished-at="2021-01-22T12:54:40 IST">
          <reporter-output>
          </reporter-output>
        </test-method> <!-- tearDown -->
        <test-method status="PASS" signature="setUp()[pri:0, instance:com.amazon.qa.testcases.LoginPageTest@4d41cee]" name="setUp" is-config="true" duration-ms="9117" started-at="2021-01-22T12:54:40 IST" finished-at="2021-01-22T12:54:49 IST">
          <reporter-output>
          </reporter-output>
        </test-method> <!-- setUp -->
        <test-method status="PASS" signature="fbLogoImageTest()[pri:2, instance:com.amazon.qa.testcases.LoginPageTest@4d41cee]" name="fbLogoImageTest" duration-ms="509" started-at="2021-01-22T12:54:49 IST" finished-at="2021-01-22T12:54:50 IST">
          <reporter-output>
          </reporter-output>
        </test-method> <!-- fbLogoImageTest -->
        <test-method status="PASS" signature="tearDown()[pri:0, instance:com.amazon.qa.testcases.LoginPageTest@4d41cee]" name="tearDown" is-config="true" duration-ms="893" started-at="2021-01-22T12:54:50 IST" finished-at="2021-01-22T12:54:51 IST">
          <reporter-output>
          </reporter-output>
        </test-method> <!-- tearDown -->
        <test-method status="PASS" signature="setUp()[pri:0, instance:com.amazon.qa.testcases.LoginPageTest@4d41cee]" name="setUp" is-config="true" duration-ms="9082" started-at="2021-01-22T12:54:51 IST" finished-at="2021-01-22T12:55:00 IST">
          <reporter-output>
          </reporter-output>
        </test-method> <!-- setUp -->
        <test-method status="PASS" signature="loginTest()[pri:3, instance:com.amazon.qa.testcases.LoginPageTest@4d41cee]" name="loginTest" duration-ms="1085" started-at="2021-01-22T12:55:00 IST" finished-at="2021-01-22T12:55:01 IST">
          <reporter-output>
          </reporter-output>
        </test-method> <!-- loginTest -->
        <test-method status="PASS" signature="tearDown()[pri:0, instance:com.amazon.qa.testcases.LoginPageTest@4d41cee]" name="tearDown" is-config="true" duration-ms="852" started-at="2021-01-22T12:55:01 IST" finished-at="2021-01-22T12:55:02 IST">
          <reporter-output>
          </reporter-output>
        </test-method> <!-- tearDown -->
      </class> <!-- com.amazon.qa.testcases.LoginPageTest -->
    </test> <!-- facebook App Test Cases -->
  </suite> <!-- Facebook Application Test Suite -->
</testng-results>
